{"level":30,"time":"2026-02-18T18:35:52.986Z","pid":61396,"hostname":"DStairsPC1","component":"orchestrator","prdPath":"C:\\GitHub\\GetShitDone\\get-shit-done\\test-prd.md","msg":"Starting autopilot run"}
{"level":30,"time":"2026-02-18T18:35:52.988Z","pid":61396,"hostname":"DStairsPC1","component":"orchestrator","prdPath":"C:\\GitHub\\GetShitDone\\get-shit-done\\test-prd.md","msg":"Initializing project"}
{"level":30,"time":"2026-02-18T18:35:53.014Z","pid":61396,"hostname":"DStairsPC1","component":"orchestrator","phase":0,"step":"init","msg":"Running command: /gsd:new-project --auto C:\\GitHub\\GetShitDone\\get-shit-done\\test-prd.md"}
{"level":30,"time":"2026-02-18T18:36:13.987Z","pid":61396,"hostname":"DStairsPC1","component":"orchestrator","success":true,"durationMs":20972,"costUsd":0.37388075,"numTurns":4,"resultPreview":"This is an existing GSD project (the `get-shit-done` tool itself). The init detected `project_exists: true` which means I should error per the workflow:\n\n╔══════════════════════════════════════════════════════════════╗\n║  ERROR                                                       ║\n╚══════════════════════════════════════════════════════════════╝\n\nProject already initialized. `.planning/PROJECT.md` exists.\n\nThis directory already has a GSD project set up — it's the `get-shit-done` tool itself.\n\n","msg":"Init command result"}
{"level":30,"time":"2026-02-18T18:36:14.020Z","pid":61396,"hostname":"DStairsPC1","component":"orchestrator","phase":3,"step":"discuss","msg":"Step discuss completed for phase 3"}
{"level":30,"time":"2026-02-18T18:36:14.027Z","pid":61396,"hostname":"DStairsPC1","component":"orchestrator","phase":3,"step":"plan","msg":"Running command: /gsd:plan-phase 3"}
{"level":30,"time":"2026-02-24T03:05:41.582Z","pid":54056,"hostname":"DStairsPC1","component":"orchestrator","prdPath":"","msg":"Starting autopilot run"}
{"level":30,"time":"2026-02-24T03:05:41.584Z","pid":54056,"hostname":"DStairsPC1","component":"orchestrator","prdPath":"","msg":"Initializing project"}
{"level":30,"time":"2026-02-24T03:05:41.944Z","pid":54056,"hostname":"DStairsPC1","component":"orchestrator","phases":7,"msg":"Reusing existing ROADMAP.md"}
{"level":30,"time":"2026-02-24T03:05:42.308Z","pid":54056,"hostname":"DStairsPC1","component":"orchestrator","phase":3,"step":"discuss","msg":"Running command: /gsd:discuss-phase 3"}
{"level":30,"time":"2026-02-24T17:37:52.788Z","pid":69196,"hostname":"DStairsPC1","component":"orchestrator","prdPath":"","msg":"Starting autopilot run"}
{"level":30,"time":"2026-02-24T17:37:52.794Z","pid":69196,"hostname":"DStairsPC1","component":"orchestrator","newPhases":[3.1,3.2,6.1,8,9],"msg":"Synced 5 new phase(s) from ROADMAP.md"}
{"level":30,"time":"2026-02-24T17:37:52.794Z","pid":69196,"hostname":"DStairsPC1","component":"orchestrator","msg":"Phase 3.1 has passed verification on disk — marking completed"}
{"level":30,"time":"2026-02-24T17:37:52.795Z","pid":69196,"hostname":"DStairsPC1","component":"orchestrator","msg":"Phase 4 has passed verification on disk — marking completed"}
{"level":30,"time":"2026-02-24T17:37:52.801Z","pid":69196,"hostname":"DStairsPC1","component":"orchestrator","msg":"Cleared 1 stale unanswered question(s) from previous session"}
{"level":30,"time":"2026-02-24T17:37:52.840Z","pid":69196,"hostname":"DStairsPC1","component":"orchestrator","phase":9,"step":"discuss","msg":"Running command: /gsd:discuss-phase 9"}
{"level":30,"time":"2026-02-24T17:38:46.233Z","pid":69196,"hostname":"DStairsPC1","component":"orchestrator","phase":9,"step":"discuss","msg":"Step discuss completed for phase 9"}
{"level":30,"time":"2026-02-24T17:38:46.253Z","pid":69196,"hostname":"DStairsPC1","component":"orchestrator","phase":9,"step":"plan","msg":"Running command: /gsd:plan-phase 9"}
{"level":30,"time":"2026-02-24T17:54:42.186Z","pid":69196,"hostname":"DStairsPC1","component":"orchestrator","phase":9,"step":"plan","msg":"Step plan completed for phase 9"}
{"level":30,"time":"2026-02-24T17:54:42.215Z","pid":69196,"hostname":"DStairsPC1","component":"orchestrator","phase":9,"step":"execute","msg":"Running command: /gsd:execute-phase 9"}
{"level":30,"time":"2026-02-24T18:16:50.704Z","pid":69196,"hostname":"DStairsPC1","component":"orchestrator","phase":9,"step":"execute","msg":"Step execute completed for phase 9"}
{"level":30,"time":"2026-02-24T18:16:50.723Z","pid":69196,"hostname":"DStairsPC1","component":"orchestrator","phase":9,"step":"verify","msg":"Running command: /gsd:verify-work 9"}
{"level":30,"time":"2026-02-24T18:17:36.725Z","pid":69196,"hostname":"DStairsPC1","component":"orchestrator","phase":9,"step":"verify","msg":"Step verify completed for phase 9"}
{"level":30,"time":"2026-02-24T18:17:36.729Z","pid":69196,"hostname":"DStairsPC1","component":"orchestrator","msg":"Build complete"}
{"level":30,"time":"2026-02-24T18:32:19.306Z","pid":73076,"hostname":"DStairsPC1","component":"orchestrator","prdPath":"","msg":"Starting autopilot run"}
{"level":30,"time":"2026-02-24T18:32:19.358Z","pid":73076,"hostname":"DStairsPC1","component":"orchestrator","phase":6.1,"step":"discuss","msg":"Running command: /gsd:discuss-phase 6.1"}
{"level":30,"time":"2026-02-24T18:32:51.172Z","pid":73076,"hostname":"DStairsPC1","component":"orchestrator","phase":6.1,"step":"discuss","msg":"Step discuss completed for phase 6.1"}
{"level":30,"time":"2026-02-24T18:32:51.195Z","pid":73076,"hostname":"DStairsPC1","component":"orchestrator","phase":6.1,"step":"plan","msg":"Running command: /gsd:plan-phase 6.1"}
{"level":30,"time":"2026-02-24T18:54:48.446Z","pid":73076,"hostname":"DStairsPC1","component":"orchestrator","phase":6.1,"step":"plan","msg":"Step plan completed for phase 6.1"}
{"level":30,"time":"2026-02-24T18:54:48.491Z","pid":73076,"hostname":"DStairsPC1","component":"orchestrator","phase":6.1,"step":"execute","msg":"Running command: /gsd:execute-phase 6.1"}
{"level":30,"time":"2026-02-24T19:27:03.728Z","pid":73076,"hostname":"DStairsPC1","component":"orchestrator","phase":6.1,"step":"execute","msg":"Step execute completed for phase 6.1"}
{"level":30,"time":"2026-02-24T19:27:03.749Z","pid":73076,"hostname":"DStairsPC1","component":"orchestrator","phase":6.1,"step":"verify","msg":"Running command: /gsd:verify-work 6.1"}
{"level":30,"time":"2026-02-24T19:27:52.888Z","pid":73076,"hostname":"DStairsPC1","component":"orchestrator","phase":6.1,"step":"verify","msg":"Step verify completed for phase 6.1"}
{"level":30,"time":"2026-02-24T19:27:52.895Z","pid":73076,"hostname":"DStairsPC1","component":"orchestrator","msg":"Build complete"}
{"level":30,"time":"2026-02-24T21:26:21.226Z","pid":82048,"hostname":"DStairsPC1","component":"orchestrator","prdPath":"","msg":"Starting autopilot run"}
{"level":30,"time":"2026-02-24T21:26:21.232Z","pid":82048,"hostname":"DStairsPC1","component":"orchestrator","newPhases":[10],"msg":"Synced 1 new phase(s) from ROADMAP.md"}
{"level":30,"time":"2026-02-24T21:26:21.278Z","pid":82048,"hostname":"DStairsPC1","component":"orchestrator","phase":10,"step":"discuss","msg":"Running command: /gsd:discuss-phase 10"}
{"level":30,"time":"2026-02-24T21:26:52.709Z","pid":82048,"hostname":"DStairsPC1","component":"orchestrator","phase":10,"step":"discuss","msg":"Step discuss completed for phase 10"}
{"level":30,"time":"2026-02-24T21:26:52.731Z","pid":82048,"hostname":"DStairsPC1","component":"orchestrator","phase":10,"step":"plan","msg":"Running command: /gsd:plan-phase 10"}
{"level":30,"time":"2026-02-24T21:44:21.865Z","pid":82048,"hostname":"DStairsPC1","component":"orchestrator","phase":10,"step":"plan","msg":"Step plan completed for phase 10"}
{"level":30,"time":"2026-02-24T21:44:21.894Z","pid":82048,"hostname":"DStairsPC1","component":"orchestrator","phase":10,"step":"execute","msg":"Running command: /gsd:execute-phase 10"}
{"level":30,"time":"2026-02-24T22:12:59.141Z","pid":82048,"hostname":"DStairsPC1","component":"orchestrator","phase":10,"step":"execute","msg":"Step execute completed for phase 10"}
{"level":30,"time":"2026-02-24T22:12:59.165Z","pid":82048,"hostname":"DStairsPC1","component":"orchestrator","phase":10,"step":"verify","msg":"Running command: /gsd:verify-work 10"}
{"level":30,"time":"2026-02-24T22:13:46.798Z","pid":82048,"hostname":"DStairsPC1","component":"orchestrator","phase":10,"step":"verify","msg":"Step verify completed for phase 10"}
{"level":30,"time":"2026-02-24T22:13:46.804Z","pid":82048,"hostname":"DStairsPC1","component":"orchestrator","msg":"Build complete"}
{"level":30,"time":"2026-02-25T04:39:41.919Z","pid":68316,"hostname":"DStairsPC1","component":"orchestrator","prdPath":"","msg":"Starting autopilot run"}
{"level":30,"time":"2026-02-25T04:39:41.968Z","pid":68316,"hostname":"DStairsPC1","component":"orchestrator","phase":7,"step":"discuss","msg":"Running command: /gsd:discuss-phase 7"}
{"level":30,"time":"2026-02-25T04:40:29.346Z","pid":68316,"hostname":"DStairsPC1","component":"orchestrator","phase":7,"step":"discuss","msg":"Step discuss completed for phase 7"}
{"level":30,"time":"2026-02-25T04:40:29.367Z","pid":68316,"hostname":"DStairsPC1","component":"orchestrator","phase":7,"step":"plan","msg":"Running command: /gsd:plan-phase 7"}
{"level":30,"time":"2026-02-25T04:48:36.769Z","pid":4788,"hostname":"DStairsPC1","component":"orchestrator","prdPath":"","msg":"Starting autopilot run"}
{"level":30,"time":"2026-02-25T04:48:36.775Z","pid":4788,"hostname":"DStairsPC1","component":"orchestrator","msg":"Cleared 1 stale unanswered question(s) from previous session"}
{"level":30,"time":"2026-02-25T04:48:36.823Z","pid":4788,"hostname":"DStairsPC1","component":"orchestrator","phase":7,"step":"plan","msg":"Running command: /gsd:plan-phase 7"}
{"level":30,"time":"2026-02-25T05:06:21.755Z","pid":4788,"hostname":"DStairsPC1","component":"orchestrator","phase":7,"step":"plan","msg":"Step plan completed for phase 7"}
{"level":30,"time":"2026-02-25T05:06:21.779Z","pid":4788,"hostname":"DStairsPC1","component":"orchestrator","phase":7,"step":"execute","msg":"Running command: /gsd:execute-phase 7"}
{"level":30,"time":"2026-02-25T05:20:43.947Z","pid":4788,"hostname":"DStairsPC1","component":"orchestrator","phase":7,"step":"execute","msg":"Step execute completed for phase 7"}
{"level":30,"time":"2026-02-25T05:20:43.968Z","pid":4788,"hostname":"DStairsPC1","component":"orchestrator","phase":7,"step":"verify","msg":"Running command: /gsd:verify-work 7"}
{"level":30,"time":"2026-02-25T05:21:52.652Z","pid":4788,"hostname":"DStairsPC1","component":"orchestrator","phase":7,"step":"verify","msg":"Step verify completed for phase 7"}
{"level":30,"time":"2026-02-25T05:21:52.658Z","pid":4788,"hostname":"DStairsPC1","component":"orchestrator","msg":"Build complete"}
{"level":30,"time":"2026-02-25T16:10:45.751Z","pid":49828,"hostname":"DStairsPC1","component":"orchestrator","prdPath":"","msg":"Starting autopilot run"}
{"level":30,"time":"2026-02-25T16:10:45.758Z","pid":49828,"hostname":"DStairsPC1","component":"orchestrator","newPhases":[11],"msg":"Synced 1 new phase(s) from ROADMAP.md"}
{"level":30,"time":"2026-02-25T16:10:45.808Z","pid":49828,"hostname":"DStairsPC1","component":"orchestrator","phase":11,"step":"discuss","msg":"Running command: /gsd:discuss-phase 11"}
{"level":30,"time":"2026-02-25T16:17:50.068Z","pid":46544,"hostname":"DStairsPC1","component":"orchestrator","prdPath":"","msg":"Starting autopilot run"}
{"level":30,"time":"2026-02-25T16:17:50.076Z","pid":46544,"hostname":"DStairsPC1","component":"orchestrator","msg":"Cleared 1 stale unanswered question(s) from previous session"}
{"level":30,"time":"2026-02-25T16:17:50.134Z","pid":46544,"hostname":"DStairsPC1","component":"orchestrator","phase":11,"step":"discuss","msg":"Running command: /gsd:discuss-phase 11"}
{"level":30,"time":"2026-02-25T16:36:59.745Z","pid":41000,"hostname":"DStairsPC1","component":"orchestrator","prdPath":"","msg":"Starting autopilot run"}
{"level":30,"time":"2026-02-25T16:36:59.751Z","pid":41000,"hostname":"DStairsPC1","component":"orchestrator","msg":"Cleared 1 stale unanswered question(s) from previous session"}
{"level":30,"time":"2026-02-25T16:36:59.801Z","pid":41000,"hostname":"DStairsPC1","component":"orchestrator","phase":11,"step":"discuss","msg":"Running command: /gsd:discuss-phase 11"}
{"level":30,"time":"2026-02-25T16:40:03.281Z","pid":41000,"hostname":"DStairsPC1","component":"orchestrator","phase":11,"step":"discuss","msg":"Step discuss completed for phase 11"}
{"level":30,"time":"2026-02-25T16:40:03.304Z","pid":41000,"hostname":"DStairsPC1","component":"orchestrator","phase":11,"step":"plan","msg":"Running command: /gsd:plan-phase 11"}
{"level":40,"time":"2026-02-25T16:40:31.228Z","pid":41000,"hostname":"DStairsPC1","component":"orchestrator","phase":11,"step":"plan","msg":"Command failed, retrying once"}
{"level":50,"time":"2026-02-25T16:55:27.717Z","pid":41000,"hostname":"DStairsPC1","component":"cli","error":"Command failed after retry: Unknown error","msg":"Autopilot failed"}
{"level":30,"time":"2026-02-25T17:26:24.773Z","pid":38252,"hostname":"DStairsPC1","component":"orchestrator","prdPath":"","msg":"Starting autopilot run"}
{"level":30,"time":"2026-02-25T17:26:24.825Z","pid":38252,"hostname":"DStairsPC1","component":"orchestrator","phase":11,"step":"plan","msg":"Running command: /gsd:plan-phase 11"}
{"level":40,"time":"2026-02-25T17:26:27.970Z","pid":38252,"hostname":"DStairsPC1","component":"orchestrator","phase":11,"step":"plan","msg":"Command failed, retrying once"}
{"level":50,"time":"2026-02-25T17:26:44.083Z","pid":38252,"hostname":"DStairsPC1","component":"cli","error":"Command failed after retry: Unknown error","msg":"Autopilot failed"}
{"level":30,"time":"2026-02-25T17:38:33.131Z","pid":2176,"hostname":"DStairsPC1","component":"orchestrator","prdPath":"","msg":"Starting autopilot run"}
{"level":30,"time":"2026-02-25T17:38:33.182Z","pid":2176,"hostname":"DStairsPC1","component":"orchestrator","phase":11,"step":"plan","msg":"Running command: /gsd:plan-phase 11"}
{"level":30,"time":"2026-02-25T17:43:14.856Z","pid":2176,"hostname":"DStairsPC1","component":"orchestrator","phase":11,"step":"plan","msg":"Step plan completed for phase 11"}
{"level":30,"time":"2026-02-25T17:43:14.877Z","pid":2176,"hostname":"DStairsPC1","component":"orchestrator","phase":11,"step":"execute","msg":"Running command: /gsd:execute-phase 11"}
{"level":30,"time":"2026-02-25T18:12:58.128Z","pid":2176,"hostname":"DStairsPC1","component":"orchestrator","phase":11,"step":"execute","msg":"Step execute completed for phase 11"}
{"level":30,"time":"2026-02-25T18:12:58.148Z","pid":2176,"hostname":"DStairsPC1","component":"orchestrator","phase":11,"step":"verify","msg":"Running command: /gsd:verify-work 11"}
{"level":30,"time":"2026-02-25T18:13:58.437Z","pid":2176,"hostname":"DStairsPC1","component":"orchestrator","phase":11,"step":"verify","msg":"Step verify completed for phase 11"}
{"level":30,"time":"2026-02-25T18:13:58.443Z","pid":2176,"hostname":"DStairsPC1","component":"orchestrator","msg":"Build complete"}
{"level":30,"time":"2026-02-26T23:42:16.299Z","pid":71328,"hostname":"DStairsPC1","component":"tunnel","msg":"Creating dev-tunnel..."}
{"level":30,"time":"2026-02-26T23:42:18.605Z","pid":71328,"hostname":"DStairsPC1","component":"tunnel","msg":"Using cached devtunnel CLI credentials"}
{"level":30,"time":"2026-02-26T23:42:19.182Z","pid":71328,"hostname":"DStairsPC1","component":"tunnel","msg":"Using cached devtunnel CLI credentials"}
{"level":30,"time":"2026-02-26T23:42:19.634Z","pid":71328,"hostname":"DStairsPC1","component":"tunnel","msg":"Connecting tunnel host..."}
{"level":30,"time":"2026-02-26T23:42:20.143Z","pid":71328,"hostname":"DStairsPC1","component":"tunnel","msg":"Using cached devtunnel CLI credentials"}
{"level":30,"time":"2026-02-26T23:42:20.298Z","pid":71328,"hostname":"DStairsPC1","component":"tunnel","msg":"Tunnel connection status: connecting"}
{"level":30,"time":"2026-02-26T23:42:20.455Z","pid":71328,"hostname":"DStairsPC1","component":"tunnel","msg":"Tunnel connection status: connected"}
{"level":30,"time":"2026-02-26T23:42:20.455Z","pid":71328,"hostname":"DStairsPC1","component":"tunnel","msg":"Tunnel created successfully: https://q9mdtxl0-4120.use2.devtunnels.ms/"}
{"level":30,"time":"2026-02-26T23:42:20.464Z","pid":71328,"hostname":"DStairsPC1","component":"orchestrator","prdPath":"","msg":"Starting autopilot run"}
{"level":30,"time":"2026-02-26T23:42:20.469Z","pid":71328,"hostname":"DStairsPC1","component":"orchestrator","newPhases":[12],"msg":"Synced 1 new phase(s) from ROADMAP.md"}
{"level":30,"time":"2026-02-26T23:42:20.515Z","pid":71328,"hostname":"DStairsPC1","component":"orchestrator","phase":12,"step":"discuss","msg":"Running command: /gsd:discuss-phase 12"}
{"level":30,"time":"2026-02-26T23:54:52.546Z","pid":71328,"hostname":"DStairsPC1","component":"orchestrator","phase":12,"step":"discuss","msg":"Step discuss completed for phase 12"}
{"level":30,"time":"2026-02-26T23:54:52.569Z","pid":71328,"hostname":"DStairsPC1","component":"orchestrator","phase":12,"step":"plan","msg":"Running command: /gsd:plan-phase 12"}
{"level":30,"time":"2026-02-27T00:10:36.108Z","pid":71328,"hostname":"DStairsPC1","component":"orchestrator","phase":12,"step":"plan","msg":"Step plan completed for phase 12"}
{"level":30,"time":"2026-02-27T00:10:36.131Z","pid":71328,"hostname":"DStairsPC1","component":"orchestrator","phase":12,"step":"execute","msg":"Running command: /gsd:execute-phase 12"}
{"level":30,"time":"2026-02-27T00:27:04.011Z","pid":71328,"hostname":"DStairsPC1","component":"orchestrator","phase":12,"step":"execute","msg":"Step execute completed for phase 12"}
{"level":30,"time":"2026-02-27T00:27:04.031Z","pid":71328,"hostname":"DStairsPC1","component":"orchestrator","phase":12,"step":"verify","msg":"Running command: /gsd:verify-work 12"}
{"level":30,"time":"2026-02-27T00:27:46.163Z","pid":71328,"hostname":"DStairsPC1","component":"orchestrator","phase":12,"step":"verify","msg":"Step verify completed for phase 12"}
{"level":30,"time":"2026-02-27T00:27:46.168Z","pid":71328,"hostname":"DStairsPC1","component":"orchestrator","msg":"Build complete"}
